
Connecté à : Oracle Database 11g Enterprise Edition Release 11.2.0.1.0 - Production
With the Partitioning and Real Application Testing options

Fichier d'export créé par EXPORT:V11.02.00 via le chemin classique
import effectué dans le jeu de caractères WE8MSWIN1252 et le jeu NCHAR AL16UTF16
. Import d'objets AIR dans AIR
 "BEGIN  "
 "sys.dbms_logrep_imp.instantiate_schema(schema_name=>SYS_CONTEXT('USERENV','"
 "CURRENT_SCHEMA'), export_db_name=>'PROD', inst_scn=>'1286447');"
 "COMMIT; END;"
 "CREATE SEQUENCE "SEQ_PILOTE" MINVALUE 1 MAXVALUE 99999999999999999999999999"
 "99 INCREMENT BY 1 START WITH 4 CACHE 20 NOORDER NOCYCLE"
 "CREATE TABLE "AVION" ("NUMAVION" NUMBER(6, 0) NOT NULL ENABLE, "NOMAVION" V"
 "ARCHAR2(20) NOT NULL ENABLE, "CAPACITE" NUMBER(3, 0) NOT NULL ENABLE, "LOCA"
 "LISATION" VARCHAR2(45), "DATEMISESERVICE" DATE)  PCTFREE 10 PCTUSED 40 INIT"
 "RANS 1 MAXTRANS 255 STORAGE(INITIAL 1048576 NEXT 1048576 MINEXTENTS 1 FREEL"
 "ISTS 1 FREELIST GROUPS 1 BUFFER_POOL DEFAULT) TABLESPACE "AIR_DATA" LOGGING"
 " NOCOMPRESS"
 " ALTER TABLE "AVION" MODIFY ("LOCALISATION" DEFAULT 'Paris')"
. . Table "AVION"                             ignorée

 "CREATE UNIQUE INDEX "PK_AVION" ON "AVION" ("NUMAVION" )  PCTFREE 10 INITRAN"
 "S 2 MAXTRANS 255 STORAGE(INITIAL 516096 NEXT 516096 MINEXTENTS 1 FREELISTS "
 "1 FREELIST GROUPS 1 BUFFER_POOL DEFAULT) TABLESPACE "AIR_IND" LOGGING"
 "ALTER TABLE "AVION" ADD  CONSTRAINT "PK_AVION" PRIMARY KEY ("NUMAVION") USI"
 "NG INDEX PCTFREE 10 INITRANS 2 MAXTRANS 255 STORAGE(INITIAL 516096 NEXT 516"
 "096 MINEXTENTS 1 FREELISTS 1 FREELIST GROUPS 1 BUFFER_POOL DEFAULT) TABLESP"
 "ACE "AIR_IND" LOGGING ENABLE "
 "ALTER TABLE "AVION" ADD CONSTRAINT "CON_CHECK" CHECK (CAPACITE IN('140','18"
 "0','200','250','300','320','360','380','450','460')) ENABLE NOVALIDATE"
 "CREATE TABLE "COMPETENT_IOT" ("NUMPILOTE" NUMBER(4, 0) NOT NULL ENABLE, "NU"
 "MTYP" VARCHAR2(4) NOT NULL ENABLE,  CONSTRAINT "PK_COMPETENT_IOT" PRIMARY K"
 "EY ("NUMPILOTE", "NUMTYP") ENABLE ) ORGANIZATION INDEX  PCTFREE 10 INITRANS"
 " 2 MAXTRANS 255 STORAGE(INITIAL 1048576 NEXT 1048576 MINEXTENTS 1 FREELISTS"
 " 1 FREELIST GROUPS 1 BUFFER_POOL DEFAULT) TABLESPACE "AIR_DATA" LOGGING NOC"
 "OMPRESS PCTTHRESHOLD 50"
. . Table "COMPETENT_IOT"                     ignorée

 "CREATE TABLE "PILOTE" ("NUMPILOTE" NUMBER(4, 0) NOT NULL ENABLE, "NOMPILOTE"
 "" VARCHAR2(20) NOT NULL ENABLE, "ADRESSE" VARCHAR2(50), "DATECREATION" DATE"
 " NOT NULL ENABLE, "DATEDERMAJ" TIMESTAMP (6) NOT NULL ENABLE, "CV" CLOB)  P"
 "CTFREE 10 PCTUSED 40 INITRANS 1 MAXTRANS 255 STORAGE(INITIAL 1048576 NEXT 1"
 "048576 MINEXTENTS 1 FREELISTS 1 FREELIST GROUPS 1 BUFFER_POOL DEFAULT) TABL"
 "ESPACE "AIR_DATA" LOGGING NOCOMPRESS LOB ("CV") STORE AS BASICFILE  (TABLES"
 "PACE "AIR_DATA" ENABLE STORAGE IN ROW CHUNK 8192 RETENTION  NOCACHE LOGGING"
 "  STORAGE(INITIAL 1048576 NEXT 1048576 MINEXTENTS 1 FREELISTS 1 FREELIST GR"
 "OUPS 1 BUFFER_POOL DEFAULT))"
. . Table "PILOTE"                            ignorée

 "GRANT SELECT ON "PILOTE" TO "SCOTT""
 "CREATE UNIQUE INDEX "PK_PILOTE" ON "PILOTE" ("NUMPILOTE" )  PCTFREE 10 INIT"
 "RANS 2 MAXTRANS 255 STORAGE(INITIAL 516096 NEXT 516096 MINEXTENTS 1 FREELIS"
 "TS 1 FREELIST GROUPS 1 BUFFER_POOL DEFAULT) TABLESPACE "AIR_IND" LOGGING"
 "ALTER INDEX "PK_PILOTE" UNUSABLE"
 "ALTER TABLE "PILOTE" ADD  CONSTRAINT "PK_PILOTE" PRIMARY KEY ("NUMPILOTE") "
 "USING INDEX PCTFREE 10 INITRANS 2 MAXTRANS 255 STORAGE(INITIAL 516096 NEXT "
 "516096 MINEXTENTS 1 FREELISTS 1 FREELIST GROUPS 1 BUFFER_POOL DEFAULT) TABL"
 "ESPACE "AIR_IND" LOGGING"
 "ALTER INDEX "PK_PILOTE" UNUSABLE ENABLE "
 "CREATE TABLE "VOL" ("NUMVOL" CHAR(6) NOT NULL ENABLE, "NUMAVION" NUMBER(6, "
 "0) NOT NULL ENABLE, "NUMPILOTE" NUMBER(4, 0), "VILLEDEP" VARCHAR2(35) NOT N"
 "ULL ENABLE, "VILLEARR" VARCHAR2(35) NOT NULL ENABLE, "HEUREDEP" CHAR(5), "H"
 "EUREARR" CHAR(5))  PCTFREE 10 PCTUSED 40 INITRANS 1 MAXTRANS 255 STORAGE(IN"
 "ITIAL 1048576 NEXT 1048576 MINEXTENTS 1 FREELISTS 1 FREELIST GROUPS 1 BUFFE"
 "R_POOL DEFAULT) TABLESPACE "AIR_DATA" LOGGING NOCOMPRESS"
 " ALTER TABLE "VOL" MODIFY ("NUMPILOTE" DEFAULT NULL )"
. . Table "VOL"                               ignorée

 "CREATE UNIQUE INDEX "PK_VOL" ON "VOL" ("NUMVOL" )  PCTFREE 10 INITRANS 2 MA"
 "XTRANS 255 STORAGE(INITIAL 516096 NEXT 516096 MINEXTENTS 1 FREELISTS 1 FREE"
 "LIST GROUPS 1 BUFFER_POOL DEFAULT) TABLESPACE "AIR_IND" LOGGING"
 "CREATE INDEX "IND_NUMAVION" ON "VOL" ("NUMAVION" )  PCTFREE 10 INITRANS 2 M"
 "AXTRANS 255 STORAGE(INITIAL 516096 NEXT 516096 MINEXTENTS 1 FREELISTS 1 FRE"
 "ELIST GROUPS 1 BUFFER_POOL DEFAULT) TABLESPACE "AIR_IND" LOGGING"
 "CREATE INDEX "REVIND_NUMPILOTE" ON "VOL" ("NUMPILOTE" ) REVERSE PCTFREE 10 "
 "INITRANS 2 MAXTRANS 255 STORAGE(INITIAL 516096 NEXT 516096 MINEXTENTS 1 FRE"
 "ELISTS 1 FREELIST GROUPS 1 BUFFER_POOL DEFAULT) TABLESPACE "AIR_IND" LOGGIN"
 "G"
 "ALTER TABLE "VOL" ADD  CONSTRAINT "PK_VOL" PRIMARY KEY ("NUMVOL") USING IND"
 "EX PCTFREE 10 INITRANS 2 MAXTRANS 255 STORAGE(INITIAL 516096 NEXT 516096 MI"
 "NEXTENTS 1 FREELISTS 1 FREELIST GROUPS 1 BUFFER_POOL DEFAULT) TABLESPACE "A"
 "IR_IND" LOGGING ENABLE "
 "CREATE GLOBAL TEMPORARY TABLE "VOLPIL#" ("NUMVOL" CHAR(6) NOT NULL ENABLE, "
 ""NOMPILOTE" VARCHAR2(20) NOT NULL ENABLE, "VILLEDEP" VARCHAR2(35) NOT NULL "
 "ENABLE, "VILLEARR" VARCHAR2(35) NOT NULL ENABLE) ON COMMIT DELETE ROWS "
 "ALTER TABLE "VOLPIL#" ADD CONSTRAINT "PLT_PARIS" CHECK (Villearr='Paris') E"
 "NABLE NOVALIDATE"
 "CREATE GLOBAL TEMPORARY TABLE "VOLPIL##" ("NUMVOL" CHAR(6) NOT NULL ENABLE,"
 " "VILLEARR" VARCHAR2(35) NOT NULL ENABLE, "HEUREARR" CHAR(5)) ON COMMIT PRE"
 "SERVE ROWS "
 "ALTER TABLE "VOLPIL##" ADD CONSTRAINT "PLT_NO_PARIS" CHECK (Villearr NOT IN"
 " ('Paris')) ENABLE NOVALIDATE"
 "ALTER TABLE "VOL" ADD CONSTRAINT "FK_NUMAVION" FOREIGN KEY ("NUMAVION") REF"
 "ERENCES "AVION" ("NUMAVION") ENABLE NOVALIDATE"
 "ALTER TABLE "VOL" ADD CONSTRAINT "FK_NUMPILOTE" FOREIGN KEY ("NUMPILOTE") R"
 "EFERENCES "PILOTE" ("NUMPILOTE") ENABLE NOVALIDATE"
 "CREATE BITMAP INDEX "IND_LOCALISATION" ON "AVION" ("LOCALISATION" )  PCTFRE"
 "E 10 INITRANS 2 MAXTRANS 255 STORAGE(INITIAL 516096 NEXT 516096 MINEXTENTS "
 "1 FREELISTS 1 FREELIST GROUPS 1 BUFFER_POOL DEFAULT) TABLESPACE "AIR_IND" L"
 "OGGING"
 "ALTER TABLE "AVION" ENABLE CONSTRAINT "CON_CHECK""
 "ALTER TABLE "VOLPIL#" ENABLE CONSTRAINT "PLT_PARIS""
 "ALTER TABLE "VOLPIL##" ENABLE CONSTRAINT "PLT_NO_PARIS""
 "ALTER TABLE "VOL" ENABLE CONSTRAINT "FK_NUMAVION""
 "ALTER TABLE "VOL" ENABLE CONSTRAINT "FK_NUMPILOTE""
Procédure d'import terminée avec succès sans avertissements.
