
Connecté à : Oracle Database 11g Enterprise Edition Release 11.2.0.1.0 - Production
With the Partitioning and Real Application Testing options

Fichier d'export créé par EXPORT:V11.02.00 via le chemin classique
import effectué dans le jeu de caractères WE8MSWIN1252 et le jeu NCHAR AL16UTF16
. Import d'objets SCOTT dans SCOTT
 "BEGIN  "
 "sys.dbms_logrep_imp.instantiate_schema(schema_name=>SYS_CONTEXT('USERENV','"
 "CURRENT_SCHEMA'), export_db_name=>'PROD', inst_scn=>'1259687');"
 "COMMIT; END;"
 "CREATE TABLE "DEPT" ("DEPTNO" NUMBER(2, 0), "DNAME" VARCHAR2(14), "LOC" VAR"
 "CHAR2(13))  PCTFREE 10 PCTUSED 40 INITRANS 1 MAXTRANS 255 STORAGE(INITIAL 6"
 "5536 NEXT 1048576 MINEXTENTS 1 FREELISTS 1 FREELIST GROUPS 1 BUFFER_POOL DE"
 "FAULT) TABLESPACE "USERS" LOGGING NOCOMPRESS"
. . Table "DEPT"                              ignorée

 "GRANT SELECT ON "DEPT" TO "UTIL""
 "GRANT UPDATE("LOC") ON "DEPT" TO "UTIL""
 "CREATE UNIQUE INDEX "PK_DEPT" ON "DEPT" ("DEPTNO" )  PCTFREE 10 INITRANS 2 "
 "MAXTRANS 255 STORAGE(INITIAL 65536 NEXT 1048576 MINEXTENTS 1 FREELISTS 1 FR"
 "EELIST GROUPS 1 BUFFER_POOL DEFAULT) TABLESPACE "USERS" LOGGING"
 "ALTER TABLE "DEPT" ADD  CONSTRAINT "PK_DEPT" PRIMARY KEY ("DEPTNO") USING I"
 "NDEX PCTFREE 10 INITRANS 2 MAXTRANS 255 STORAGE(INITIAL 65536 NEXT 1048576 "
 "MINEXTENTS 1 FREELISTS 1 FREELIST GROUPS 1 BUFFER_POOL DEFAULT) TABLESPACE "
 ""USERS" LOGGING ENABLE "
 "CREATE TABLE "EMP" ("EMPNO" NUMBER(4, 0), "ENAME" VARCHAR2(10), "JOB" VARCH"
 "AR2(9), "MGR" NUMBER(4, 0), "HIREDATE" DATE, "SAL" NUMBER(7, 2), "COMM" NUM"
 "BER(7, 2), "DEPTNO" NUMBER(2, 0))  PCTFREE 10 PCTUSED 40 INITRANS 1 MAXTRAN"
 "S 255 STORAGE(INITIAL 65536 NEXT 1048576 MINEXTENTS 1 FREELISTS 1 FREELIST "
 "GROUPS 1 BUFFER_POOL DEFAULT) TABLESPACE "USERS" LOGGING NOCOMPRESS"
. . Table "EMP"                               ignorée

 "GRANT SELECT ON "EMP" TO "UTIL""
 "CREATE UNIQUE INDEX "PK_EMP" ON "EMP" ("EMPNO" )  PCTFREE 10 INITRANS 2 MAX"
 "TRANS 255 STORAGE(INITIAL 65536 NEXT 1048576 MINEXTENTS 1 FREELISTS 1 FREEL"
 "IST GROUPS 1 BUFFER_POOL DEFAULT) TABLESPACE "USERS" LOGGING"
 "ALTER TABLE "EMP" ADD  CONSTRAINT "PK_EMP" PRIMARY KEY ("EMPNO") USING INDE"
 "X PCTFREE 10 INITRANS 2 MAXTRANS 255 STORAGE(INITIAL 65536 NEXT 1048576 MIN"
 "EXTENTS 1 FREELISTS 1 FREELIST GROUPS 1 BUFFER_POOL DEFAULT) TABLESPACE "US"
 "ERS" LOGGING ENABLE "
 "ALTER TABLE "EMP" ADD SUPPLEMENTAL LOG GROUP "EMP_SUIVI" ("ENAME", "DEPTNO""
 ", "COMM", "SAL") ALWAYS"
 "CREATE TABLE "SALGRADE" ("GRADE" NUMBER, "LOSAL" NUMBER, "HISAL" NUMBER)  P"
 "CTFREE 10 PCTUSED 40 INITRANS 1 MAXTRANS 255 STORAGE(INITIAL 65536 NEXT 104"
 "8576 MINEXTENTS 1 FREELISTS 1 FREELIST GROUPS 1 BUFFER_POOL DEFAULT) TABLES"
 "PACE "USERS" LOGGING NOCOMPRESS"
. . Table "SALGRADE"                          ignorée

 "GRANT DELETE ON "SALGRADE" TO "UTIL""
 "GRANT INSERT ON "SALGRADE" TO "UTIL""
 "CREATE TABLE "TRT_BATCH_PAYE_01" ("EMPNO" NUMBER(4, 0), "ENAME" VARCHAR2(10"
 "), "JOB" VARCHAR2(9), "MGR" NUMBER(4, 0), "HIREDATE" DATE, "SAL" NUMBER(7, "
 "2), "COMM" NUMBER(7, 2), "DEPTNO" NUMBER(2, 0))  PCTFREE 10 PCTUSED 40 INIT"
 "RANS 1 MAXTRANS 255 STORAGE(INITIAL 65536 NEXT 1048576 MINEXTENTS 1 FREELIS"
 "TS 1 FREELIST GROUPS 1 BUFFER_POOL DEFAULT) TABLESPACE "USERS" LOGGING NOCO"
 "MPRESS"
. . Table "TRT_BATCH_PAYE_01"                 ignorée

 "CREATE SYNONYM "SYN_PILOTE" FOR "AIR"."PILOTE""
 "ALTER TABLE "EMP" ADD CONSTRAINT "FK_DEPTNO" FOREIGN KEY ("DEPTNO") REFEREN"
 "CES "DEPT" ("DEPTNO") ENABLE NOVALIDATE"
 "ALTER TABLE "EMP" ENABLE CONSTRAINT "FK_DEPTNO""
Procédure d'import terminée avec succès sans avertissements.
